<?xml version="1.0" encoding="UTF-8"?>
<testng-results skipped="0" failed="0" total="2" passed="2">
  <reporter-output>
  </reporter-output>
  <suite name="Surefire suite" duration-ms="48905" started-at="2020-12-07T14:13:37Z" finished-at="2020-12-07T14:14:26Z">
    <groups>
    </groups>
    <test name="Surefire test" duration-ms="48905" started-at="2020-12-07T14:13:37Z" finished-at="2020-12-07T14:14:26Z">
      <class name="TestCases.loginPageTest">
        <test-method status="PASS" signature="homeNavigation()[pri:0, instance:TestCases.loginPageTest@4590c9c3]" name="homeNavigation" is-config="true" duration-ms="15114" started-at="2020-12-07T14:14:04Z" finished-at="2020-12-07T14:14:19Z">
          <reporter-output>
          </reporter-output>
        </test-method> <!-- homeNavigation -->
        <test-method status="PASS" signature="loginPageTest()[pri:0, instance:TestCases.loginPageTest@4590c9c3]" name="loginPageTest" duration-ms="5746" started-at="2020-12-07T14:14:19Z" finished-at="2020-12-07T14:14:24Z">
          <reporter-output>
          </reporter-output>
        </test-method> <!-- loginPageTest -->
        <test-method status="PASS" signature="closeBrowser()[pri:0, instance:TestCases.loginPageTest@4590c9c3]" name="closeBrowser" is-config="true" duration-ms="1629" started-at="2020-12-07T14:14:24Z" finished-at="2020-12-07T14:14:26Z">
          <reporter-output>
          </reporter-output>
        </test-method> <!-- closeBrowser -->
      </class> <!-- TestCases.loginPageTest -->
      <class name="TestCases.lofinPageTest">
        <test-method status="PASS" signature="homeNavigation()[pri:0, instance:TestCases.lofinPageTest@b97c004]" name="homeNavigation" is-config="true" duration-ms="17749" started-at="2020-12-07T14:13:37Z" finished-at="2020-12-07T14:13:55Z">
          <reporter-output>
          </reporter-output>
        </test-method> <!-- homeNavigation -->
        <test-method status="PASS" signature="loginPageTest()[pri:0, instance:TestCases.lofinPageTest@b97c004]" name="loginPageTest" duration-ms="5773" started-at="2020-12-07T14:13:55Z" finished-at="2020-12-07T14:14:01Z">
          <reporter-output>
          </reporter-output>
        </test-method> <!-- loginPageTest -->
        <test-method status="PASS" signature="closeBrowser()[pri:0, instance:TestCases.lofinPageTest@b97c004]" name="closeBrowser" is-config="true" duration-ms="2869" started-at="2020-12-07T14:14:01Z" finished-at="2020-12-07T14:14:04Z">
          <reporter-output>
          </reporter-output>
        </test-method> <!-- closeBrowser -->
      </class> <!-- TestCases.lofinPageTest -->
    </test> <!-- Surefire test -->
  </suite> <!-- Surefire suite -->
</testng-results>
